<?xml version="1.0"?>
<testsuite name="Cucumber" time="6.044" tests="1" skipped="0" failures="1" errors="0" timestamp="2025-12-03T13:04:08.168Z">
  <testcase classname="Nuevo cliente AEAT" name="Se accede a la web de AEAT para Verifactu y se crea un nuevo cliente" time="5.415">
    <failure type="Error" message="function timed out, ensure the promise resolves within 5000 milliseconds"><![CDATA[    at Timeout.<anonymous> (/Users/psanchezg/Documents/ARANOVA/GitHub/ARANet/src/aranet-2025/node_modules/@cucumber/cucumber/src/time.ts:52:14)
    at listOnTimeout (node:internal/timers:588:17)
    at processTimers (node:internal/timers:523:7)]]></failure>
    <system-out><![CDATA[Given el usuario abre la página de Verifactu de la AEAT con certificado válido..failed
When pulsa el enlace "Clientes".............................................skipped
And pulsa el enlace "Nuevo cliente".........................................skipped
Then rellena los datos del formulario de nuevo cliente con:.................skipped
And presiona el botón "Guardar".............................................skipped
Then debería ver el mensaje "El cliente se ha creado correctamente".........skipped]]></system-out>
  </testcase>
</testsuite>